<?xml version="1.0" encoding="UTF-8"?>
<!-- Generated by org.testng.reporters.JUnitReportReporter -->
<testsuite skipped="0" hostname="Kunal" name="com.fbk.TestCases.SignUpTestCases" tests="2" failures="0" timestamp="05 Apr 2018 10:11:06 GMT" time="1.937" errors="0">
  <testcase name="verifyTitleTest" time="0.031" classname="com.fbk.TestCases.SignUpTestCases"/>
  <testcase name="verifySignUpTest" time="1.906" classname="com.fbk.TestCases.SignUpTestCases"/>
</testsuite> <!-- com.fbk.TestCases.SignUpTestCases -->
