<?xml version="1.0" encoding="UTF-8"?>
<!-- Generated by org.testng.reporters.JUnitReportReporter -->
<testsuite skipped="0" hostname="Kunal" name="com.fbk.TestCases.LoginPageTestCases" tests="2" failures="0" timestamp="04 Apr 2018 11:13:34 GMT" time="5.708" errors="0">
  <testcase name="verifyLoginTest" time="5.661" classname="com.fbk.TestCases.LoginPageTestCases"/>
  <testcase name="verifyTitleTest" time="0.047" classname="com.fbk.TestCases.LoginPageTestCases"/>
</testsuite> <!-- com.fbk.TestCases.LoginPageTestCases -->
